# JRE version: OpenJDK Runtime Environment Temurin-21.0.10+7 (21.0.10+7) (build 21.0.10+7-LTS)
# Java VM: OpenJDK 64-Bit Server VM Temurin-21.0.10+7 (21.0.10+7-LTS, mixed mode, sharing, tiered, compressed oops, compressed class ptrs, parallel gc, windows-amd64)
GC Precious Log:
 CardTable entry size: 512
 CPUs: 12 total, 12 available
 Memory: 15712M
 Large Page Support: Disabled
 NUMA Support: Disabled
 Compressed Oops: Enabled (32-bit)
 Alignments: Space 512K, Generation 512K, Heap 2M
 Heap Min Capacity: 100M
 Heap Initial Capacity: 100M
 Heap Max Capacity: 2G
 Pre-touch: Disabled
 Parallel Workers: 10
Heap:
 PSYoungGen      total 22528K, used 13264K [0x00000000d5580000, 0x00000000d6d00000, 0x0000000100000000)
  eden space 21504K, 58% used [0x00000000d5580000,0x00000000d61c3f78,0x00000000d6a80000)
  from space 1024K, 68% used [0x00000000d6b00000,0x00000000d6bb0288,0x00000000d6c00000)
  to   space 1024K, 0% used [0x00000000d6c00000,0x00000000d6c00000,0x00000000d6d00000)
 ParOldGen       total 68608K, used 58311K [0x0000000080000000, 0x0000000084300000, 0x00000000d5580000)
  object space 68608K, 84% used [0x0000000080000000,0x00000000838f1fc0,0x0000000084300000)
 Metaspace       used 60381K, committed 61760K, reserved 1114112K
  class space    used 6582K, committed 7168K, reserved 1048576K
GC Heap History (20 events):
Event: 54.820 GC heap before
{Heap before GC invocations=41 (full 3):
 PSYoungGen      total 22016K, used 22014K [0x00000000d5580000, 0x00000000d6d00000, 0x0000000100000000)
  eden space 21504K, 100% used [0x00000000d5580000,0x00000000d6a80000,0x00000000d6a80000)
  from space 512K, 99% used [0x00000000d6c00000,0x00000000d6c7fa18,0x00000000d6c80000)
  to   space 512K, 0% used [0x00000000d6c80000,0x00000000d6c80000,0x00000000d6d00000)
 ParOldGen       total 68608K, used 53940K [0x0000000080000000, 0x0000000084300000, 0x00000000d5580000)
  object space 68608K, 78% used [0x0000000080000000,0x00000000834ad0b8,0x0000000084300000)
 Metaspace       used 59294K, committed 60544K, reserved 1114112K
  class space    used 6453K, committed 6976K, reserved 1048576K
}
Event: 54.821 GC heap after
{Heap after GC invocations=41 (full 3):
 PSYoungGen      total 22016K, used 488K [0x00000000d5580000, 0x00000000d6d80000, 0x0000000100000000)
  eden space 21504K, 0% used [0x00000000d5580000,0x00000000d5580000,0x00000000d6a80000)
  from space 512K, 95% used [0x00000000d6c80000,0x00000000d6cfa000,0x00000000d6d00000)
  to   space 1536K, 0% used [0x00000000d6a80000,0x00000000d6a80000,0x00000000d6c00000)
 ParOldGen       total 68608K, used 54532K [0x0000000080000000, 0x0000000084300000, 0x00000000d5580000)
  object space 68608K, 79% used [0x0000000080000000,0x0000000083541358,0x0000000084300000)
 Metaspace       used 59294K, committed 60544K, reserved 1114112K
  class space    used 6453K, committed 6976K, reserved 1048576K
}
Event: 54.930 GC heap before
{Heap before GC invocations=42 (full 3):
 PSYoungGen      total 22016K, used 21992K [0x00000000d5580000, 0x00000000d6d80000, 0x0000000100000000)
  eden space 21504K, 100% used [0x00000000d5580000,0x00000000d6a80000,0x00000000d6a80000)
  from space 512K, 95% used [0x00000000d6c80000,0x00000000d6cfa000,0x00000000d6d00000)
  to   space 1536K, 0% used [0x00000000d6a80000,0x00000000d6a80000,0x00000000d6c00000)
 ParOldGen       total 68608K, used 54532K [0x0000000080000000, 0x0000000084300000, 0x00000000d5580000)
  object space 68608K, 79% used [0x0000000080000000,0x0000000083541358,0x0000000084300000)
 Metaspace       used 59472K, committed 60800K, reserved 1114112K
  class space    used 6475K, committed 7040K, reserved 1048576K
}
Event: 54.932 GC heap after
{Heap after GC invocations=42 (full 3):
 PSYoungGen      total 23040K, used 670K [0x00000000d5580000, 0x00000000d6d00000, 0x0000000100000000)
  eden space 21504K, 0% used [0x00000000d5580000,0x00000000d5580000,0x00000000d6a80000)
  from space 1536K, 43% used [0x00000000d6a80000,0x00000000d6b27bf0,0x00000000d6c00000)
  to   space 1024K, 0% used [0x00000000d6c00000,0x00000000d6c00000,0x00000000d6d00000)
 ParOldGen       total 68608K, used 55060K [0x0000000080000000, 0x0000000084300000, 0x00000000d5580000)
  object space 68608K, 80% used [0x0000000080000000,0x00000000835c5358,0x0000000084300000)
 Metaspace       used 59472K, committed 60800K, reserved 1114112K
  class space    used 6475K, committed 7040K, reserved 1048576K
}
Event: 55.061 GC heap before
{Heap before GC invocations=43 (full 3):
 PSYoungGen      total 23040K, used 22174K [0x00000000d5580000, 0x00000000d6d00000, 0x0000000100000000)
  eden space 21504K, 100% used [0x00000000d5580000,0x00000000d6a80000,0x00000000d6a80000)
  from space 1536K, 43% used [0x00000000d6a80000,0x00000000d6b27bf0,0x00000000d6c00000)
  to   space 1024K, 0% used [0x00000000d6c00000,0x00000000d6c00000,0x00000000d6d00000)
 ParOldGen       total 68608K, used 55060K [0x0000000080000000, 0x0000000084300000, 0x00000000d5580000)
  object space 68608K, 80% used [0x0000000080000000,0x00000000835c5358,0x0000000084300000)
 Metaspace       used 59528K, committed 60864K, reserved 1114112K
  class space    used 6478K, committed 7040K, reserved 1048576K
}
Event: 55.063 GC heap after
{Heap after GC invocations=43 (full 3):
 PSYoungGen      total 22016K, used 454K [0x00000000d5580000, 0x00000000d6c80000, 0x0000000100000000)
  eden space 21504K, 0% used [0x00000000d5580000,0x00000000d5580000,0x00000000d6a80000)
  from space 512K, 88% used [0x00000000d6c00000,0x00000000d6c71ab8,0x00000000d6c80000)
  to   space 1024K, 0% used [0x00000000d6a80000,0x00000000d6a80000,0x00000000d6b80000)
 ParOldGen       total 68608K, used 55228K [0x0000000080000000, 0x0000000084300000, 0x00000000d5580000)
  object space 68608K, 80% used [0x0000000080000000,0x00000000835ef358,0x0000000084300000)
 Metaspace       used 59528K, committed 60864K, reserved 1114112K
  class space    used 6478K, committed 7040K, reserved 1048576K
}
Event: 55.152 GC heap before
{Heap before GC invocations=44 (full 3):
 PSYoungGen      total 22016K, used 21958K [0x00000000d5580000, 0x00000000d6c80000, 0x0000000100000000)
  eden space 21504K, 100% used [0x00000000d5580000,0x00000000d6a80000,0x00000000d6a80000)
  from space 512K, 88% used [0x00000000d6c00000,0x00000000d6c71ab8,0x00000000d6c80000)
  to   space 1024K, 0% used [0x00000000d6a80000,0x00000000d6a80000,0x00000000d6b80000)
 ParOldGen       total 68608K, used 55228K [0x0000000080000000, 0x0000000084300000, 0x00000000d5580000)
  object space 68608K, 80% used [0x0000000080000000,0x00000000835ef358,0x0000000084300000)
 Metaspace       used 59533K, committed 60864K, reserved 1114112K
  class space    used 6478K, committed 7040K, reserved 1048576K
}
Event: 55.155 GC heap after
{Heap after GC invocations=44 (full 3):
 PSYoungGen      total 22528K, used 1002K [0x00000000d5580000, 0x00000000d6d80000, 0x0000000100000000)
  eden space 21504K, 0% used [0x00000000d5580000,0x00000000d5580000,0x00000000d6a80000)
  from space 1024K, 97% used [0x00000000d6a80000,0x00000000d6b7aa18,0x00000000d6b80000)
  to   space 1536K, 0% used [0x00000000d6c00000,0x00000000d6c00000,0x00000000d6d80000)
 ParOldGen       total 68608K, used 55480K [0x0000000080000000, 0x0000000084300000, 0x00000000d5580000)
  object space 68608K, 80% used [0x0000000080000000,0x000000008362e398,0x0000000084300000)
 Metaspace       used 59533K, committed 60864K, reserved 1114112K
  class space    used 6478K, committed 7040K, reserved 1048576K
}
Event: 55.219 GC heap before
{Heap before GC invocations=45 (full 3):
 PSYoungGen      total 22528K, used 22506K [0x00000000d5580000, 0x00000000d6d80000, 0x0000000100000000)
  eden space 21504K, 100% used [0x00000000d5580000,0x00000000d6a80000,0x00000000d6a80000)
  from space 1024K, 97% used [0x00000000d6a80000,0x00000000d6b7aa18,0x00000000d6b80000)
  to   space 1536K, 0% used [0x00000000d6c00000,0x00000000d6c00000,0x00000000d6d80000)
 ParOldGen       total 68608K, used 55480K [0x0000000080000000, 0x0000000084300000, 0x00000000d5580000)
  object space 68608K, 80% used [0x0000000080000000,0x000000008362e398,0x0000000084300000)
 Metaspace       used 59564K, committed 60864K, reserved 1114112K
  class space    used 6479K, committed 7040K, reserved 1048576K
}
Event: 55.220 GC heap after
{Heap after GC invocations=45 (full 3):
 PSYoungGen      total 22528K, used 640K [0x00000000d5580000, 0x00000000d6d00000, 0x0000000100000000)
  eden space 21504K, 0% used [0x00000000d5580000,0x00000000d5580000,0x00000000d6a80000)
  from space 1024K, 62% used [0x00000000d6c00000,0x00000000d6ca0000,0x00000000d6d00000)
  to   space 1024K, 0% used [0x00000000d6a80000,0x00000000d6a80000,0x00000000d6b80000)
 ParOldGen       total 68608K, used 56481K [0x0000000080000000, 0x0000000084300000, 0x00000000d5580000)
  object space 68608K, 82% used [0x0000000080000000,0x00000000837285d0,0x0000000084300000)
 Metaspace       used 59564K, committed 60864K, reserved 1114112K
  class space    used 6479K, committed 7040K, reserved 1048576K
}
Event: 55.301 GC heap before
{Heap before GC invocations=46 (full 3):
 PSYoungGen      total 22528K, used 22144K [0x00000000d5580000, 0x00000000d6d00000, 0x0000000100000000)
  eden space 21504K, 100% used [0x00000000d5580000,0x00000000d6a80000,0x00000000d6a80000)
  from space 1024K, 62% used [0x00000000d6c00000,0x00000000d6ca0000,0x00000000d6d00000)
  to   space 1024K, 0% used [0x00000000d6a80000,0x00000000d6a80000,0x00000000d6b80000)
 ParOldGen       total 68608K, used 56481K [0x0000000080000000, 0x0000000084300000, 0x00000000d5580000)
  object space 68608K, 82% used [0x0000000080000000,0x00000000837285d0,0x0000000084300000)
 Metaspace       used 59567K, committed 60864K, reserved 1114112K
  class space    used 6479K, committed 7040K, reserved 1048576K
}
Event: 55.303 GC heap after
{Heap after GC invocations=46 (full 3):
 PSYoungGen      total 22528K, used 1021K [0x00000000d5580000, 0x00000000d6e80000, 0x0000000100000000)
  eden space 21504K, 0% used [0x00000000d5580000,0x00000000d5580000,0x00000000d6a80000)
  from space 1024K, 99% used [0x00000000d6a80000,0x00000000d6b7f4f8,0x00000000d6b80000)
  to   space 2048K, 0% used [0x00000000d6c80000,0x00000000d6c80000,0x00000000d6e80000)
 ParOldGen       total 68608K, used 57017K [0x0000000080000000, 0x0000000084300000, 0x00000000d5580000)
  object space 68608K, 83% used [0x0000000080000000,0x00000000837ae5d0,0x0000000084300000)
 Metaspace       used 59567K, committed 60864K, reserved 1114112K
  class space    used 6479K, committed 7040K, reserved 1048576K
}
Event: 55.378 GC heap before
{Heap before GC invocations=47 (full 3):
 PSYoungGen      total 22528K, used 22525K [0x00000000d5580000, 0x00000000d6e80000, 0x0000000100000000)
  eden space 21504K, 100% used [0x00000000d5580000,0x00000000d6a80000,0x00000000d6a80000)
  from space 1024K, 99% used [0x00000000d6a80000,0x00000000d6b7f4f8,0x00000000d6b80000)
  to   space 2048K, 0% used [0x00000000d6c80000,0x00000000d6c80000,0x00000000d6e80000)
 ParOldGen       total 68608K, used 57017K [0x0000000080000000, 0x0000000084300000, 0x00000000d5580000)
  object space 68608K, 83% used [0x0000000080000000,0x00000000837ae5d0,0x0000000084300000)
 Metaspace       used 59620K, committed 60928K, reserved 1114112K
  class space    used 6481K, committed 7040K, reserved 1048576K
}
Event: 55.380 GC heap after
{Heap after GC invocations=47 (full 3):
 PSYoungGen      total 22016K, used 411K [0x00000000d5580000, 0x00000000d6d00000, 0x0000000100000000)
  eden space 21504K, 0% used [0x00000000d5580000,0x00000000d5580000,0x00000000d6a80000)
  from space 512K, 80% used [0x00000000d6c80000,0x00000000d6ce6c18,0x00000000d6d00000)
  to   space 1024K, 0% used [0x00000000d6b00000,0x00000000d6b00000,0x00000000d6c00000)
 ParOldGen       total 68608K, used 57447K [0x0000000080000000, 0x0000000084300000, 0x00000000d5580000)
  object space 68608K, 83% used [0x0000000080000000,0x0000000083819e70,0x0000000084300000)
 Metaspace       used 59620K, committed 60928K, reserved 1114112K
  class space    used 6481K, committed 7040K, reserved 1048576K
}
Event: 55.464 GC heap before
{Heap before GC invocations=48 (full 3):
 PSYoungGen      total 22016K, used 21915K [0x00000000d5580000, 0x00000000d6d00000, 0x0000000100000000)
  eden space 21504K, 100% used [0x00000000d5580000,0x00000000d6a80000,0x00000000d6a80000)
  from space 512K, 80% used [0x00000000d6c80000,0x00000000d6ce6c18,0x00000000d6d00000)
  to   space 1024K, 0% used [0x00000000d6b00000,0x00000000d6b00000,0x00000000d6c00000)
 ParOldGen       total 68608K, used 57447K [0x0000000080000000, 0x0000000084300000, 0x00000000d5580000)
  object space 68608K, 83% used [0x0000000080000000,0x0000000083819e70,0x0000000084300000)
 Metaspace       used 59624K, committed 60928K, reserved 1114112K
  class space    used 6481K, committed 7040K, reserved 1048576K
}
Event: 55.466 GC heap after
{Heap after GC invocations=48 (full 3):
 PSYoungGen      total 22528K, used 401K [0x00000000d5580000, 0x00000000d6d00000, 0x0000000100000000)
  eden space 21504K, 0% used [0x00000000d5580000,0x00000000d5580000,0x00000000d6a80000)
  from space 1024K, 39% used [0x00000000d6b00000,0x00000000d6b64400,0x00000000d6c00000)
  to   space 512K, 0% used [0x00000000d6c80000,0x00000000d6c80000,0x00000000d6d00000)
 ParOldGen       total 68608K, used 57535K [0x0000000080000000, 0x0000000084300000, 0x00000000d5580000)
  object space 68608K, 83% used [0x0000000080000000,0x000000008382fe70,0x0000000084300000)
 Metaspace       used 59624K, committed 60928K, reserved 1114112K
  class space    used 6481K, committed 7040K, reserved 1048576K
}
Event: 55.587 GC heap before
{Heap before GC invocations=49 (full 3):
 PSYoungGen      total 22528K, used 21905K [0x00000000d5580000, 0x00000000d6d00000, 0x0000000100000000)
  eden space 21504K, 100% used [0x00000000d5580000,0x00000000d6a80000,0x00000000d6a80000)
  from space 1024K, 39% used [0x00000000d6b00000,0x00000000d6b64400,0x00000000d6c00000)
  to   space 512K, 0% used [0x00000000d6c80000,0x00000000d6c80000,0x00000000d6d00000)
 ParOldGen       total 68608K, used 57535K [0x0000000080000000, 0x0000000084300000, 0x00000000d5580000)
  object space 68608K, 83% used [0x0000000080000000,0x000000008382fe70,0x0000000084300000)
 Metaspace       used 59729K, committed 60992K, reserved 1114112K
  class space    used 6494K, committed 7040K, reserved 1048576K
}
Event: 55.589 GC heap after
{Heap after GC invocations=49 (full 3):
 PSYoungGen      total 22016K, used 508K [0x00000000d5580000, 0x00000000d6d00000, 0x0000000100000000)
  eden space 21504K, 0% used [0x00000000d5580000,0x00000000d5580000,0x00000000d6a80000)
  from space 512K, 99% used [0x00000000d6c80000,0x00000000d6cff2a8,0x00000000d6d00000)
  to   space 1024K, 0% used [0x00000000d6b00000,0x00000000d6b00000,0x00000000d6c00000)
 ParOldGen       total 68608K, used 58043K [0x0000000080000000, 0x0000000084300000, 0x00000000d5580000)
  object space 68608K, 84% used [0x0000000080000000,0x00000000838aedc0,0x0000000084300000)
 Metaspace       used 59729K, committed 60992K, reserved 1114112K
  class space    used 6494K, committed 7040K, reserved 1048576K
}
Event: 55.648 GC heap before
{Heap before GC invocations=50 (full 3):
 PSYoungGen      total 22016K, used 22012K [0x00000000d5580000, 0x00000000d6d00000, 0x0000000100000000)
  eden space 21504K, 100% used [0x00000000d5580000,0x00000000d6a80000,0x00000000d6a80000)
  from space 512K, 99% used [0x00000000d6c80000,0x00000000d6cff2a8,0x00000000d6d00000)
  to   space 1024K, 0% used [0x00000000d6b00000,0x00000000d6b00000,0x00000000d6c00000)
 ParOldGen       total 68608K, used 58043K [0x0000000080000000, 0x0000000084300000, 0x00000000d5580000)
  object space 68608K, 84% used [0x0000000080000000,0x00000000838aedc0,0x0000000084300000)
 Metaspace       used 59735K, committed 60992K, reserved 1114112K
  class space    used 6494K, committed 7040K, reserved 1048576K
}
Event: 55.650 GC heap after
{Heap after GC invocations=50 (full 3):
 PSYoungGen      total 22528K, used 704K [0x00000000d5580000, 0x00000000d6d00000, 0x0000000100000000)
  eden space 21504K, 0% used [0x00000000d5580000,0x00000000d5580000,0x00000000d6a80000)
  from space 1024K, 68% used [0x00000000d6b00000,0x00000000d6bb0288,0x00000000d6c00000)
  to   space 1024K, 0% used [0x00000000d6c00000,0x00000000d6c00000,0x00000000d6d00000)
 ParOldGen       total 68608K, used 58311K [0x0000000080000000, 0x0000000084300000, 0x00000000d5580000)
  object space 68608K, 84% used [0x0000000080000000,0x00000000838f1fc0,0x0000000084300000)
 Metaspace       used 59735K, committed 60992K, reserved 1114112K
  class space    used 6494K, committed 7040K, reserved 1048576K
}

